stdio    D         file_stdio.c:110  file_stdio_fopen                 [   0.00000] opening C:\Users\Jeffrey M. Ivanson\Documents\sem4\i2p_project\SourceCode\allegro5.cfg r
system   D            wsystem.c:874  _al_win_safe_load_library        [   0.00000] PathFindOnPath found: C:\WINDOWS\system32\shcore.dll
system   D            wsystem.c:780  load_library_at_path             [   0.00000] Calling LoadLibrary C:\WINDOWS\system32\shcore.dll
system   I            wsystem.c:783  load_library_at_path             [   0.00000] Loaded C:\WINDOWS\system32\shcore.dll
system   I             system.c:271  al_install_system                [   0.00000] Allegro version: 5.2.7
audio-dsound I           dsound.cpp:271  _dsound_open                     [   0.00036] Starting DirectSound...
audio-dsound D           dsound.cpp:280  _dsound_open                     [   0.03164] DirectSoundCreate8 succeeded
audio-dsound I           dsound.cpp:73   get_window                       [   0.03172] Using desktop window: 000000000001000c
audio    I              audio.c:347  do_install_audio                 [   0.03183] Using DirectSound driver
system   D            wsystem.c:874  _al_win_safe_load_library        [   0.03208] PathFindOnPath found: C:\WINDOWS\system32\d3d9.dll
system   D            wsystem.c:780  load_library_at_path             [   0.03212] Calling LoadLibrary C:\WINDOWS\system32\d3d9.dll
system   I            wsystem.c:783  load_library_at_path             [   0.03402] Loaded C:\WINDOWS\system32\d3d9.dll
d3d      I         d3d_disp.cpp:684  d3d_init_display                 [   0.08302] Render-to-texture: 1
d3d      I         d3d_disp.cpp:1782 d3d_create_display_locked        [   0.08414] faux_fullscreen=0
d3d      D         d3d_disp.cpp:1783 d3d_create_display_locked        [   0.08417] al_display=000000000100b220
d3d      D         d3d_disp.cpp:1784 d3d_create_display_locked        [   0.08419] al_display->vt=000000000100b0b0
d3d      I d3d_display_formats.cpp:144  _al_d3d_generate_display_format_list [   0.10076] found 288 format combinations
display  D   display_settings.c:212  debug_display_settings           [   0.10082] color: 32 (rgba 8880), depth: 0, stencil: 0, acc: 0000, samples: 0/0
display  D   display_settings.c:527  _al_score_display_settings       [   0.10085] Score is : 897
display  D   display_settings.c:212  debug_display_settings           [   0.10088] color: 32 (rgba 8880), depth: 0, stencil: 0, acc: 0000, samples: 0/0
display  D   display_settings.c:527  _al_score_display_settings       [   0.10090] Score is : 897
display  D   display_settings.c:212  debug_display_settings           [   0.10092] color: 32 (rgba 8880), depth: 0, stencil: 0, acc: 0000, samples: 2/1
display  D   display_settings.c:527  _al_score_display_settings       [   0.10094] Score is : 726
display  D   display_settings.c:212  debug_display_settings           [   0.10095] color: 32 (rgba 8880), depth: 0, stencil: 0, acc: 0000, samples: 3/1
display  D   display_settings.c:527  _al_score_display_settings       [   0.10097] Score is : 721
display  D   display_settings.c:212  debug_display_settings           [   0.10099] color: 32 (rgba 8880), depth: 0, stencil: 0, acc: 0000, samples: 4/1
display  D   display_settings.c:527  _al_score_display_settings       [   0.10101] Score is : 717
display  D   display_settings.c:212  debug_display_settings           [   0.10103] color: 32 (rgba 8880), depth: 0, stencil: 0, acc: 0000, samples: 5/1
display  D   display_settings.c:527  _al_score_display_settings       [   0.10105] Score is : 715
display  D   display_settings.c:212  debug_display_settings           [   0.10106] color: 32 (rgba 8880), depth: 0, stencil: 0, acc: 0000, samples: 6/1
display  D   display_settings.c:527  _al_score_display_settings       [   0.10108] Score is : 714
display  D   display_settings.c:212  debug_display_settings           [   0.10110] color: 32 (rgba 8880), depth: 0, stencil: 0, acc: 0000, samples: 7/1
display  D   display_settings.c:527  _al_score_display_settings       [   0.10112] Score is : 713
display  D   display_settings.c:212  debug_display_settings           [   0.10119] color: 32 (rgba 8880), depth: 0, stencil: 0, acc: 0000, samples: 8/1
display  D   display_settings.c:527  _al_score_display_settings       [   0.10121] Score is : 712
display  D   display_settings.c:212  debug_display_settings           [   0.10123] color: 32 (rgba 8880), depth: 24, stencil: 8, acc: 0000, samples: 0/0
display  D   display_settings.c:527  _al_score_display_settings       [   0.10125] Score is : 897
display  D   display_settings.c:212  debug_display_settings           [   0.10127] color: 32 (rgba 8880), depth: 24, stencil: 8, acc: 0000, samples: 0/0
display  D   display_settings.c:527  _al_score_display_settings       [   0.10128] Score is : 897
display  D   display_settings.c:212  debug_display_settings           [   0.10130] color: 32 (rgba 8880), depth: 24, stencil: 8, acc: 0000, samples: 2/1
display  D   display_settings.c:527  _al_score_display_settings       [   0.10132] Score is : 726
display  D   display_settings.c:212  debug_display_settings           [   0.10134] color: 32 (rgba 8880), depth: 24, stencil: 8, acc: 0000, samples: 3/1
display  D   display_settings.c:527  _al_score_display_settings       [   0.10136] Score is : 721
display  D   display_settings.c:212  debug_display_settings           [   0.10138] color: 32 (rgba 8880), depth: 24, stencil: 8, acc: 0000, samples: 4/1
display  D   display_settings.c:527  _al_score_display_settings       [   0.10140] Score is : 717
display  D   display_settings.c:212  debug_display_settings           [   0.10141] color: 32 (rgba 8880), depth: 24, stencil: 8, acc: 0000, samples: 5/1
display  D   display_settings.c:527  _al_score_display_settings       [   0.10143] Score is : 715
display  D   display_settings.c:212  debug_display_settings           [   0.10145] color: 32 (rgba 8880), depth: 24, stencil: 8, acc: 0000, samples: 6/1
display  D   display_settings.c:527  _al_score_display_settings       [   0.10147] Score is : 714
display  D   display_settings.c:212  debug_display_settings           [   0.10149] color: 32 (rgba 8880), depth: 24, stencil: 8, acc: 0000, samples: 7/1
display  D   display_settings.c:527  _al_score_display_settings       [   0.10151] Score is : 713
display  D   display_settings.c:212  debug_display_settings           [   0.10152] color: 32 (rgba 8880), depth: 24, stencil: 8, acc: 0000, samples: 8/1
display  D   display_settings.c:527  _al_score_display_settings       [   0.10154] Score is : 712
display  D   display_settings.c:212  debug_display_settings           [   0.10156] color: 32 (rgba 8880), depth: 24, stencil: 0, acc: 0000, samples: 0/0
display  D   display_settings.c:527  _al_score_display_settings       [   0.10158] Score is : 897
display  D   display_settings.c:212  debug_display_settings           [   0.10160] color: 32 (rgba 8880), depth: 24, stencil: 0, acc: 0000, samples: 0/0
display  D   display_settings.c:527  _al_score_display_settings       [   0.10162] Score is : 897
display  D   display_settings.c:212  debug_display_settings           [   0.10163] color: 32 (rgba 8880), depth: 24, stencil: 0, acc: 0000, samples: 2/1
display  D   display_settings.c:527  _al_score_display_settings       [   0.10165] Score is : 726
display  D   display_settings.c:212  debug_display_settings           [   0.10167] color: 32 (rgba 8880), depth: 24, stencil: 0, acc: 0000, samples: 3/1
display  D   display_settings.c:527  _al_score_display_settings       [   0.10169] Score is : 721
display  D   display_settings.c:212  debug_display_settings           [   0.10171] color: 32 (rgba 8880), depth: 24, stencil: 0, acc: 0000, samples: 4/1
display  D   display_settings.c:527  _al_score_display_settings       [   0.10173] Score is : 717
display  D   display_settings.c:212  debug_display_settings           [   0.10174] color: 32 (rgba 8880), depth: 24, stencil: 0, acc: 0000, samples: 5/1
display  D   display_settings.c:527  _al_score_display_settings       [   0.10176] Score is : 715
display  D   display_settings.c:212  debug_display_settings           [   0.10178] color: 32 (rgba 8880), depth: 24, stencil: 0, acc: 0000, samples: 6/1
display  D   display_settings.c:527  _al_score_display_settings       [   0.10180] Score is : 714
display  D   display_settings.c:212  debug_display_settings           [   0.10182] color: 32 (rgba 8880), depth: 24, stencil: 0, acc: 0000, samples: 7/1
display  D   display_settings.c:527  _al_score_display_settings       [   0.10184] Score is : 713
display  D   display_settings.c:212  debug_display_settings           [   0.10186] color: 32 (rgba 8880), depth: 24, stencil: 0, acc: 0000, samples: 8/1
display  D   display_settings.c:527  _al_score_display_settings       [   0.10188] Score is : 712
display  D   display_settings.c:212  debug_display_settings           [   0.10189] color: 32 (rgba 8880), depth: 16, stencil: 0, acc: 0000, samples: 0/0
display  D   display_settings.c:527  _al_score_display_settings       [   0.10191] Score is : 897
display  D   display_settings.c:212  debug_display_settings           [   0.10193] color: 32 (rgba 8880), depth: 16, stencil: 0, acc: 0000, samples: 0/0
display  D   display_settings.c:527  _al_score_display_settings       [   0.10195] Score is : 897
display  D   display_settings.c:212  debug_display_settings           [   0.10197] color: 32 (rgba 8880), depth: 16, stencil: 0, acc: 0000, samples: 2/1
display  D   display_settings.c:527  _al_score_display_settings       [   0.10199] Score is : 726
display  D   display_settings.c:212  debug_display_settings           [   0.10200] color: 32 (rgba 8880), depth: 16, stencil: 0, acc: 0000, samples: 3/1
display  D   display_settings.c:527  _al_score_display_settings       [   0.10202] Score is : 721
display  D   display_settings.c:212  debug_display_settings           [   0.10204] color: 32 (rgba 8880), depth: 16, stencil: 0, acc: 0000, samples: 4/1
display  D   display_settings.c:527  _al_score_display_settings       [   0.10206] Score is : 717
display  D   display_settings.c:212  debug_display_settings           [   0.10208] color: 32 (rgba 8880), depth: 16, stencil: 0, acc: 0000, samples: 5/1
display  D   display_settings.c:527  _al_score_display_settings       [   0.10210] Score is : 715
display  D   display_settings.c:212  debug_display_settings           [   0.10211] color: 32 (rgba 8880), depth: 16, stencil: 0, acc: 0000, samples: 6/1
display  D   display_settings.c:527  _al_score_display_settings       [   0.10213] Score is : 714
display  D   display_settings.c:212  debug_display_settings           [   0.10215] color: 32 (rgba 8880), depth: 16, stencil: 0, acc: 0000, samples: 7/1
display  D   display_settings.c:527  _al_score_display_settings       [   0.10217] Score is : 713
display  D   display_settings.c:212  debug_display_settings           [   0.10219] color: 32 (rgba 8880), depth: 16, stencil: 0, acc: 0000, samples: 8/1
display  D   display_settings.c:527  _al_score_display_settings       [   0.10221] Score is : 712
display  D   display_settings.c:212  debug_display_settings           [   0.10222] color: 16 (rgba 5650), depth: 0, stencil: 0, acc: 0000, samples: 0/0
display  D   display_settings.c:527  _al_score_display_settings       [   0.10224] Score is : 897
display  D   display_settings.c:212  debug_display_settings           [   0.10226] color: 16 (rgba 5650), depth: 0, stencil: 0, acc: 0000, samples: 0/0
display  D   display_settings.c:527  _al_score_display_settings       [   0.10228] Score is : 897
display  D   display_settings.c:212  debug_display_settings           [   0.10230] color: 16 (rgba 5650), depth: 0, stencil: 0, acc: 0000, samples: 2/1
display  D   display_settings.c:527  _al_score_display_settings       [   0.10232] Score is : 726
display  D   display_settings.c:212  debug_display_settings           [   0.10233] color: 16 (rgba 5650), depth: 0, stencil: 0, acc: 0000, samples: 3/1
display  D   display_settings.c:527  _al_score_display_settings       [   0.10235] Score is : 721
display  D   display_settings.c:212  debug_display_settings           [   0.10237] color: 16 (rgba 5650), depth: 0, stencil: 0, acc: 0000, samples: 4/1
display  D   display_settings.c:527  _al_score_display_settings       [   0.10239] Score is : 717
display  D   display_settings.c:212  debug_display_settings           [   0.10241] color: 16 (rgba 5650), depth: 0, stencil: 0, acc: 0000, samples: 5/1
display  D   display_settings.c:527  _al_score_display_settings       [   0.10243] Score is : 715
display  D   display_settings.c:212  debug_display_settings           [   0.10245] color: 16 (rgba 5650), depth: 0, stencil: 0, acc: 0000, samples: 6/1
display  D   display_settings.c:527  _al_score_display_settings       [   0.10247] Score is : 714
display  D   display_settings.c:212  debug_display_settings           [   0.10248] color: 16 (rgba 5650), depth: 0, stencil: 0, acc: 0000, samples: 7/1
display  D   display_settings.c:527  _al_score_display_settings       [   0.10250] Score is : 713
display  D   display_settings.c:212  debug_display_settings           [   0.10252] color: 16 (rgba 5650), depth: 0, stencil: 0, acc: 0000, samples: 8/1
display  D   display_settings.c:527  _al_score_display_settings       [   0.10254] Score is : 712
display  D   display_settings.c:212  debug_display_settings           [   0.10256] color: 16 (rgba 5650), depth: 24, stencil: 8, acc: 0000, samples: 0/0
display  D   display_settings.c:527  _al_score_display_settings       [   0.10258] Score is : 897
display  D   display_settings.c:212  debug_display_settings           [   0.10259] color: 16 (rgba 5650), depth: 24, stencil: 8, acc: 0000, samples: 0/0
display  D   display_settings.c:527  _al_score_display_settings       [   0.10261] Score is : 897
display  D   display_settings.c:212  debug_display_settings           [   0.10263] color: 16 (rgba 5650), depth: 24, stencil: 8, acc: 0000, samples: 2/1
display  D   display_settings.c:527  _al_score_display_settings       [   0.10265] Score is : 726
display  D   display_settings.c:212  debug_display_settings           [   0.10267] color: 16 (rgba 5650), depth: 24, stencil: 8, acc: 0000, samples: 3/1
display  D   display_settings.c:527  _al_score_display_settings       [   0.10269] Score is : 721
display  D   display_settings.c:212  debug_display_settings           [   0.10270] color: 16 (rgba 5650), depth: 24, stencil: 8, acc: 0000, samples: 4/1
display  D   display_settings.c:527  _al_score_display_settings       [   0.10272] Score is : 717
display  D   display_settings.c:212  debug_display_settings           [   0.10274] color: 16 (rgba 5650), depth: 24, stencil: 8, acc: 0000, samples: 5/1
display  D   display_settings.c:527  _al_score_display_settings       [   0.10276] Score is : 715
display  D   display_settings.c:212  debug_display_settings           [   0.10278] color: 16 (rgba 5650), depth: 24, stencil: 8, acc: 0000, samples: 6/1
display  D   display_settings.c:527  _al_score_display_settings       [   0.10280] Score is : 714
display  D   display_settings.c:212  debug_display_settings           [   0.10281] color: 16 (rgba 5650), depth: 24, stencil: 8, acc: 0000, samples: 7/1
display  D   display_settings.c:527  _al_score_display_settings       [   0.10283] Score is : 713
display  D   display_settings.c:212  debug_display_settings           [   0.10285] color: 16 (rgba 5650), depth: 24, stencil: 8, acc: 0000, samples: 8/1
display  D   display_settings.c:527  _al_score_display_settings       [   0.10292] Score is : 712
display  D   display_settings.c:212  debug_display_settings           [   0.10298] color: 16 (rgba 5650), depth: 24, stencil: 0, acc: 0000, samples: 0/0
display  D   display_settings.c:527  _al_score_display_settings       [   0.10300] Score is : 897
display  D   display_settings.c:212  debug_display_settings           [   0.10302] color: 16 (rgba 5650), depth: 24, stencil: 0, acc: 0000, samples: 0/0
display  D   display_settings.c:527  _al_score_display_settings       [   0.10304] Score is : 897
display  D   display_settings.c:212  debug_display_settings           [   0.10306] color: 16 (rgba 5650), depth: 24, stencil: 0, acc: 0000, samples: 2/1
display  D   display_settings.c:527  _al_score_display_settings       [   0.10312] Score is : 726
display  D   display_settings.c:212  debug_display_settings           [   0.10314] color: 16 (rgba 5650), depth: 24, stencil: 0, acc: 0000, samples: 3/1
display  D   display_settings.c:527  _al_score_display_settings       [   0.10316] Score is : 721
display  D   display_settings.c:212  debug_display_settings           [   0.10318] color: 16 (rgba 5650), depth: 24, stencil: 0, acc: 0000, samples: 4/1
display  D   display_settings.c:527  _al_score_display_settings       [   0.10320] Score is : 717
display  D   display_settings.c:212  debug_display_settings           [   0.10322] color: 16 (rgba 5650), depth: 24, stencil: 0, acc: 0000, samples: 5/1
display  D   display_settings.c:527  _al_score_display_settings       [   0.10324] Score is : 715
display  D   display_settings.c:212  debug_display_settings           [   0.10326] color: 16 (rgba 5650), depth: 24, stencil: 0, acc: 0000, samples: 6/1
display  D   display_settings.c:527  _al_score_display_settings       [   0.10328] Score is : 714
display  D   display_settings.c:212  debug_display_settings           [   0.10329] color: 16 (rgba 5650), depth: 24, stencil: 0, acc: 0000, samples: 7/1
display  D   display_settings.c:527  _al_score_display_settings       [   0.10331] Score is : 713
display  D   display_settings.c:212  debug_display_settings           [   0.10333] color: 16 (rgba 5650), depth: 24, stencil: 0, acc: 0000, samples: 8/1
display  D   display_settings.c:527  _al_score_display_settings       [   0.10335] Score is : 712
display  D   display_settings.c:212  debug_display_settings           [   0.10337] color: 16 (rgba 5650), depth: 16, stencil: 0, acc: 0000, samples: 0/0
display  D   display_settings.c:527  _al_score_display_settings       [   0.10339] Score is : 897
display  D   display_settings.c:212  debug_display_settings           [   0.10340] color: 16 (rgba 5650), depth: 16, stencil: 0, acc: 0000, samples: 0/0
display  D   display_settings.c:527  _al_score_display_settings       [   0.10342] Score is : 897
display  D   display_settings.c:212  debug_display_settings           [   0.10344] color: 16 (rgba 5650), depth: 16, stencil: 0, acc: 0000, samples: 2/1
display  D   display_settings.c:527  _al_score_display_settings       [   0.10346] Score is : 726
display  D   display_settings.c:212  debug_display_settings           [   0.10348] color: 16 (rgba 5650), depth: 16, stencil: 0, acc: 0000, samples: 3/1
display  D   display_settings.c:527  _al_score_display_settings       [   0.10350] Score is : 721
display  D   display_settings.c:212  debug_display_settings           [   0.10351] color: 16 (rgba 5650), depth: 16, stencil: 0, acc: 0000, samples: 4/1
display  D   display_settings.c:527  _al_score_display_settings       [   0.10353] Score is : 717
display  D   display_settings.c:212  debug_display_settings           [   0.10355] color: 16 (rgba 5650), depth: 16, stencil: 0, acc: 0000, samples: 5/1
display  D   display_settings.c:527  _al_score_display_settings       [   0.10357] Score is : 715
display  D   display_settings.c:212  debug_display_settings           [   0.10359] color: 16 (rgba 5650), depth: 16, stencil: 0, acc: 0000, samples: 6/1
display  D   display_settings.c:527  _al_score_display_settings       [   0.10360] Score is : 714
display  D   display_settings.c:212  debug_display_settings           [   0.10362] color: 16 (rgba 5650), depth: 16, stencil: 0, acc: 0000, samples: 7/1
display  D   display_settings.c:527  _al_score_display_settings       [   0.10364] Score is : 713
display  D   display_settings.c:212  debug_display_settings           [   0.10366] color: 16 (rgba 5650), depth: 16, stencil: 0, acc: 0000, samples: 8/1
display  D   display_settings.c:527  _al_score_display_settings       [   0.10368] Score is : 712
display  D   display_settings.c:212  debug_display_settings           [   0.10370] color: 32 (rgba 8880), depth: 0, stencil: 0, acc: 0000, samples: 0/0
display  D   display_settings.c:398  _al_score_display_settings       [   0.10372] Single Buffer requirement not met.
display  D   display_settings.c:212  debug_display_settings           [   0.10374] color: 32 (rgba 8880), depth: 0, stencil: 0, acc: 0000, samples: 0/0
display  D   display_settings.c:398  _al_score_display_settings       [   0.10376] Single Buffer requirement not met.
display  D   display_settings.c:212  debug_display_settings           [   0.10377] color: 32 (rgba 8880), depth: 0, stencil: 0, acc: 0000, samples: 2/1
display  D   display_settings.c:398  _al_score_display_settings       [   0.10379] Single Buffer requirement not met.
display  D   display_settings.c:212  debug_display_settings           [   0.10381] color: 32 (rgba 8880), depth: 0, stencil: 0, acc: 0000, samples: 3/1
display  D   display_settings.c:398  _al_score_display_settings       [   0.10383] Single Buffer requirement not met.
display  D   display_settings.c:212  debug_display_settings           [   0.10385] color: 32 (rgba 8880), depth: 0, stencil: 0, acc: 0000, samples: 4/1
display  D   display_settings.c:398  _al_score_display_settings       [   0.10387] Single Buffer requirement not met.
display  D   display_settings.c:212  debug_display_settings           [   0.10389] color: 32 (rgba 8880), depth: 0, stencil: 0, acc: 0000, samples: 5/1
display  D   display_settings.c:398  _al_score_display_settings       [   0.10391] Single Buffer requirement not met.
display  D   display_settings.c:212  debug_display_settings           [   0.10392] color: 32 (rgba 8880), depth: 0, stencil: 0, acc: 0000, samples: 6/1
display  D   display_settings.c:398  _al_score_display_settings       [   0.10394] Single Buffer requirement not met.
display  D   display_settings.c:212  debug_display_settings           [   0.10396] color: 32 (rgba 8880), depth: 0, stencil: 0, acc: 0000, samples: 7/1
display  D   display_settings.c:398  _al_score_display_settings       [   0.10398] Single Buffer requirement not met.
display  D   display_settings.c:212  debug_display_settings           [   0.10400] color: 32 (rgba 8880), depth: 0, stencil: 0, acc: 0000, samples: 8/1
display  D   display_settings.c:398  _al_score_display_settings       [   0.10402] Single Buffer requirement not met.
display  D   display_settings.c:212  debug_display_settings           [   0.10403] color: 32 (rgba 8880), depth: 24, stencil: 8, acc: 0000, samples: 0/0
display  D   display_settings.c:398  _al_score_display_settings       [   0.10405] Single Buffer requirement not met.
display  D   display_settings.c:212  debug_display_settings           [   0.10407] color: 32 (rgba 8880), depth: 24, stencil: 8, acc: 0000, samples: 0/0
display  D   display_settings.c:398  _al_score_display_settings       [   0.10409] Single Buffer requirement not met.
display  D   display_settings.c:212  debug_display_settings           [   0.10411] color: 32 (rgba 8880), depth: 24, stencil: 8, acc: 0000, samples: 2/1
display  D   display_settings.c:398  _al_score_display_settings       [   0.10413] Single Buffer requirement not met.
display  D   display_settings.c:212  debug_display_settings           [   0.10415] color: 32 (rgba 8880), depth: 24, stencil: 8, acc: 0000, samples: 3/1
display  D   display_settings.c:398  _al_score_display_settings       [   0.10417] Single Buffer requirement not met.
display  D   display_settings.c:212  debug_display_settings           [   0.10418] color: 32 (rgba 8880), depth: 24, stencil: 8, acc: 0000, samples: 4/1
display  D   display_settings.c:398  _al_score_display_settings       [   0.10420] Single Buffer requirement not met.
display  D   display_settings.c:212  debug_display_settings           [   0.10422] color: 32 (rgba 8880), depth: 24, stencil: 8, acc: 0000, samples: 5/1
display  D   display_settings.c:398  _al_score_display_settings       [   0.10424] Single Buffer requirement not met.
display  D   display_settings.c:212  debug_display_settings           [   0.10426] color: 32 (rgba 8880), depth: 24, stencil: 8, acc: 0000, samples: 6/1
display  D   display_settings.c:398  _al_score_display_settings       [   0.10428] Single Buffer requirement not met.
display  D   display_settings.c:212  debug_display_settings           [   0.10430] color: 32 (rgba 8880), depth: 24, stencil: 8, acc: 0000, samples: 7/1
display  D   display_settings.c:398  _al_score_display_settings       [   0.10432] Single Buffer requirement not met.
display  D   display_settings.c:212  debug_display_settings           [   0.10434] color: 32 (rgba 8880), depth: 24, stencil: 8, acc: 0000, samples: 8/1
display  D   display_settings.c:398  _al_score_display_settings       [   0.10436] Single Buffer requirement not met.
display  D   display_settings.c:212  debug_display_settings           [   0.10438] color: 32 (rgba 8880), depth: 24, stencil: 0, acc: 0000, samples: 0/0
display  D   display_settings.c:398  _al_score_display_settings       [   0.10440] Single Buffer requirement not met.
display  D   display_settings.c:212  debug_display_settings           [   0.10442] color: 32 (rgba 8880), depth: 24, stencil: 0, acc: 0000, samples: 0/0
display  D   display_settings.c:398  _al_score_display_settings       [   0.10444] Single Buffer requirement not met.
display  D   display_settings.c:212  debug_display_settings           [   0.10445] color: 32 (rgba 8880), depth: 24, stencil: 0, acc: 0000, samples: 2/1
display  D   display_settings.c:398  _al_score_display_settings       [   0.10447] Single Buffer requirement not met.
display  D   display_settings.c:212  debug_display_settings           [   0.10449] color: 32 (rgba 8880), depth: 24, stencil: 0, acc: 0000, samples: 3/1
display  D   display_settings.c:398  _al_score_display_settings       [   0.10451] Single Buffer requirement not met.
display  D   display_settings.c:212  debug_display_settings           [   0.10453] color: 32 (rgba 8880), depth: 24, stencil: 0, acc: 0000, samples: 4/1
display  D   display_settings.c:398  _al_score_display_settings       [   0.10455] Single Buffer requirement not met.
display  D   display_settings.c:212  debug_display_settings           [   0.10457] color: 32 (rgba 8880), depth: 24, stencil: 0, acc: 0000, samples: 5/1
display  D   display_settings.c:398  _al_score_display_settings       [   0.10459] Single Buffer requirement not met.
display  D   display_settings.c:212  debug_display_settings           [   0.10460] color: 32 (rgba 8880), depth: 24, stencil: 0, acc: 0000, samples: 6/1
display  D   display_settings.c:398  _al_score_display_settings       [   0.10464] Single Buffer requirement not met.
display  D   display_settings.c:212  debug_display_settings           [   0.10465] color: 32 (rgba 8880), depth: 24, stencil: 0, acc: 0000, samples: 7/1
display  D   display_settings.c:398  _al_score_display_settings       [   0.10467] Single Buffer requirement not met.
display  D   display_settings.c:212  debug_display_settings           [   0.10469] color: 32 (rgba 8880), depth: 24, stencil: 0, acc: 0000, samples: 8/1
display  D   display_settings.c:398  _al_score_display_settings       [   0.10471] Single Buffer requirement not met.
display  D   display_settings.c:212  debug_display_settings           [   0.10473] color: 32 (rgba 8880), depth: 16, stencil: 0, acc: 0000, samples: 0/0
display  D   display_settings.c:398  _al_score_display_settings       [   0.10475] Single Buffer requirement not met.
display  D   display_settings.c:212  debug_display_settings           [   0.10476] color: 32 (rgba 8880), depth: 16, stencil: 0, acc: 0000, samples: 0/0
display  D   display_settings.c:398  _al_score_display_settings       [   0.10478] Single Buffer requirement not met.
display  D   display_settings.c:212  debug_display_settings           [   0.10480] color: 32 (rgba 8880), depth: 16, stencil: 0, acc: 0000, samples: 2/1
display  D   display_settings.c:398  _al_score_display_settings       [   0.10482] Single Buffer requirement not met.
display  D   display_settings.c:212  debug_display_settings           [   0.10484] color: 32 (rgba 8880), depth: 16, stencil: 0, acc: 0000, samples: 3/1
display  D   display_settings.c:398  _al_score_display_settings       [   0.10486] Single Buffer requirement not met.
display  D   display_settings.c:212  debug_display_settings           [   0.10488] color: 32 (rgba 8880), depth: 16, stencil: 0, acc: 0000, samples: 4/1
display  D   display_settings.c:398  _al_score_display_settings       [   0.10490] Single Buffer requirement not met.
display  D   display_settings.c:212  debug_display_settings           [   0.10491] color: 32 (rgba 8880), depth: 16, stencil: 0, acc: 0000, samples: 5/1
display  D   display_settings.c:398  _al_score_display_settings       [   0.10493] Single Buffer requirement not met.
display  D   display_settings.c:212  debug_display_settings           [   0.10495] color: 32 (rgba 8880), depth: 16, stencil: 0, acc: 0000, samples: 6/1
display  D   display_settings.c:398  _al_score_display_settings       [   0.10497] Single Buffer requirement not met.
display  D   display_settings.c:212  debug_display_settings           [   0.10499] color: 32 (rgba 8880), depth: 16, stencil: 0, acc: 0000, samples: 7/1
display  D   display_settings.c:398  _al_score_display_settings       [   0.10501] Single Buffer requirement not met.
display  D   display_settings.c:212  debug_display_settings           [   0.10503] color: 32 (rgba 8880), depth: 16, stencil: 0, acc: 0000, samples: 8/1
display  D   display_settings.c:398  _al_score_display_settings       [   0.10504] Single Buffer requirement not met.
display  D   display_settings.c:212  debug_display_settings           [   0.10506] color: 16 (rgba 5650), depth: 0, stencil: 0, acc: 0000, samples: 0/0
display  D   display_settings.c:398  _al_score_display_settings       [   0.10508] Single Buffer requirement not met.
display  D   display_settings.c:212  debug_display_settings           [   0.10510] color: 16 (rgba 5650), depth: 0, stencil: 0, acc: 0000, samples: 0/0
display  D   display_settings.c:398  _al_score_display_settings       [   0.10512] Single Buffer requirement not met.
display  D   display_settings.c:212  debug_display_settings           [   0.10514] color: 16 (rgba 5650), depth: 0, stencil: 0, acc: 0000, samples: 2/1
display  D   display_settings.c:398  _al_score_display_settings       [   0.10516] Single Buffer requirement not met.
display  D   display_settings.c:212  debug_display_settings           [   0.10517] color: 16 (rgba 5650), depth: 0, stencil: 0, acc: 0000, samples: 3/1
display  D   display_settings.c:398  _al_score_display_settings       [   0.10519] Single Buffer requirement not met.
display  D   display_settings.c:212  debug_display_settings           [   0.10521] color: 16 (rgba 5650), depth: 0, stencil: 0, acc: 0000, samples: 4/1
display  D   display_settings.c:398  _al_score_display_settings       [   0.10523] Single Buffer requirement not met.
display  D   display_settings.c:212  debug_display_settings           [   0.10525] color: 16 (rgba 5650), depth: 0, stencil: 0, acc: 0000, samples: 5/1
display  D   display_settings.c:398  _al_score_display_settings       [   0.10527] Single Buffer requirement not met.
display  D   display_settings.c:212  debug_display_settings           [   0.10528] color: 16 (rgba 5650), depth: 0, stencil: 0, acc: 0000, samples: 6/1
display  D   display_settings.c:398  _al_score_display_settings       [   0.10530] Single Buffer requirement not met.
display  D   display_settings.c:212  debug_display_settings           [   0.10532] color: 16 (rgba 5650), depth: 0, stencil: 0, acc: 0000, samples: 7/1
display  D   display_settings.c:398  _al_score_display_settings       [   0.10534] Single Buffer requirement not met.
display  D   display_settings.c:212  debug_display_settings           [   0.10536] color: 16 (rgba 5650), depth: 0, stencil: 0, acc: 0000, samples: 8/1
display  D   display_settings.c:398  _al_score_display_settings       [   0.10538] Single Buffer requirement not met.
display  D   display_settings.c:212  debug_display_settings           [   0.10539] color: 16 (rgba 5650), depth: 24, stencil: 8, acc: 0000, samples: 0/0
display  D   display_settings.c:398  _al_score_display_settings       [   0.10541] Single Buffer requirement not met.
display  D   display_settings.c:212  debug_display_settings           [   0.10545] color: 16 (rgba 5650), depth: 24, stencil: 8, acc: 0000, samples: 0/0
display  D   display_settings.c:398  _al_score_display_settings       [   0.10547] Single Buffer requirement not met.
display  D   display_settings.c:212  debug_display_settings           [   0.10549] color: 16 (rgba 5650), depth: 24, stencil: 8, acc: 0000, samples: 2/1
display  D   display_settings.c:398  _al_score_display_settings       [   0.10551] Single Buffer requirement not met.
display  D   display_settings.c:212  debug_display_settings           [   0.10553] color: 16 (rgba 5650), depth: 24, stencil: 8, acc: 0000, samples: 3/1
display  D   display_settings.c:398  _al_score_display_settings       [   0.10555] Single Buffer requirement not met.
display  D   display_settings.c:212  debug_display_settings           [   0.10558] color: 16 (rgba 5650), depth: 24, stencil: 8, acc: 0000, samples: 4/1
display  D   display_settings.c:398  _al_score_display_settings       [   0.10560] Single Buffer requirement not met.
display  D   display_settings.c:212  debug_display_settings           [   0.10561] color: 16 (rgba 5650), depth: 24, stencil: 8, acc: 0000, samples: 5/1
display  D   display_settings.c:398  _al_score_display_settings       [   0.10563] Single Buffer requirement not met.
display  D   display_settings.c:212  debug_display_settings           [   0.10565] color: 16 (rgba 5650), depth: 24, stencil: 8, acc: 0000, samples: 6/1
display  D   display_settings.c:398  _al_score_display_settings       [   0.10567] Single Buffer requirement not met.
display  D   display_settings.c:212  debug_display_settings           [   0.10569] color: 16 (rgba 5650), depth: 24, stencil: 8, acc: 0000, samples: 7/1
display  D   display_settings.c:398  _al_score_display_settings       [   0.10571] Single Buffer requirement not met.
display  D   display_settings.c:212  debug_display_settings           [   0.10572] color: 16 (rgba 5650), depth: 24, stencil: 8, acc: 0000, samples: 8/1
display  D   display_settings.c:398  _al_score_display_settings       [   0.10574] Single Buffer requirement not met.
display  D   display_settings.c:212  debug_display_settings           [   0.10576] color: 16 (rgba 5650), depth: 24, stencil: 0, acc: 0000, samples: 0/0
display  D   display_settings.c:398  _al_score_display_settings       [   0.10578] Single Buffer requirement not met.
display  D   display_settings.c:212  debug_display_settings           [   0.10580] color: 16 (rgba 5650), depth: 24, stencil: 0, acc: 0000, samples: 0/0
display  D   display_settings.c:398  _al_score_display_settings       [   0.10582] Single Buffer requirement not met.
display  D   display_settings.c:212  debug_display_settings           [   0.10584] color: 16 (rgba 5650), depth: 24, stencil: 0, acc: 0000, samples: 2/1
display  D   display_settings.c:398  _al_score_display_settings       [   0.10585] Single Buffer requirement not met.
display  D   display_settings.c:212  debug_display_settings           [   0.10587] color: 16 (rgba 5650), depth: 24, stencil: 0, acc: 0000, samples: 3/1
display  D   display_settings.c:398  _al_score_display_settings       [   0.10589] Single Buffer requirement not met.
display  D   display_settings.c:212  debug_display_settings           [   0.10591] color: 16 (rgba 5650), depth: 24, stencil: 0, acc: 0000, samples: 4/1
display  D   display_settings.c:398  _al_score_display_settings       [   0.10593] Single Buffer requirement not met.
display  D   display_settings.c:212  debug_display_settings           [   0.10595] color: 16 (rgba 5650), depth: 24, stencil: 0, acc: 0000, samples: 5/1
display  D   display_settings.c:398  _al_score_display_settings       [   0.10596] Single Buffer requirement not met.
display  D   display_settings.c:212  debug_display_settings           [   0.10598] color: 16 (rgba 5650), depth: 24, stencil: 0, acc: 0000, samples: 6/1
display  D   display_settings.c:398  _al_score_display_settings       [   0.10600] Single Buffer requirement not met.
display  D   display_settings.c:212  debug_display_settings           [   0.10602] color: 16 (rgba 5650), depth: 24, stencil: 0, acc: 0000, samples: 7/1
display  D   display_settings.c:398  _al_score_display_settings       [   0.10604] Single Buffer requirement not met.
display  D   display_settings.c:212  debug_display_settings           [   0.10606] color: 16 (rgba 5650), depth: 24, stencil: 0, acc: 0000, samples: 8/1
display  D   display_settings.c:398  _al_score_display_settings       [   0.10608] Single Buffer requirement not met.
display  D   display_settings.c:212  debug_display_settings           [   0.10610] color: 16 (rgba 5650), depth: 16, stencil: 0, acc: 0000, samples: 0/0
display  D   display_settings.c:398  _al_score_display_settings       [   0.10612] Single Buffer requirement not met.
display  D   display_settings.c:212  debug_display_settings           [   0.10613] color: 16 (rgba 5650), depth: 16, stencil: 0, acc: 0000, samples: 0/0
display  D   display_settings.c:398  _al_score_display_settings       [   0.10615] Single Buffer requirement not met.
display  D   display_settings.c:212  debug_display_settings           [   0.10617] color: 16 (rgba 5650), depth: 16, stencil: 0, acc: 0000, samples: 2/1
display  D   display_settings.c:398  _al_score_display_settings       [   0.10619] Single Buffer requirement not met.
display  D   display_settings.c:212  debug_display_settings           [   0.10621] color: 16 (rgba 5650), depth: 16, stencil: 0, acc: 0000, samples: 3/1
display  D   display_settings.c:398  _al_score_display_settings       [   0.10623] Single Buffer requirement not met.
display  D   display_settings.c:212  debug_display_settings           [   0.10624] color: 16 (rgba 5650), depth: 16, stencil: 0, acc: 0000, samples: 4/1
display  D   display_settings.c:398  _al_score_display_settings       [   0.10626] Single Buffer requirement not met.
display  D   display_settings.c:212  debug_display_settings           [   0.10628] color: 16 (rgba 5650), depth: 16, stencil: 0, acc: 0000, samples: 5/1
display  D   display_settings.c:398  _al_score_display_settings       [   0.10630] Single Buffer requirement not met.
display  D   display_settings.c:212  debug_display_settings           [   0.10632] color: 16 (rgba 5650), depth: 16, stencil: 0, acc: 0000, samples: 6/1
display  D   display_settings.c:398  _al_score_display_settings       [   0.10634] Single Buffer requirement not met.
display  D   display_settings.c:212  debug_display_settings           [   0.10635] color: 16 (rgba 5650), depth: 16, stencil: 0, acc: 0000, samples: 7/1
display  D   display_settings.c:398  _al_score_display_settings       [   0.10637] Single Buffer requirement not met.
display  D   display_settings.c:212  debug_display_settings           [   0.10639] color: 16 (rgba 5650), depth: 16, stencil: 0, acc: 0000, samples: 8/1
display  D   display_settings.c:398  _al_score_display_settings       [   0.10641] Single Buffer requirement not met.
display  D   display_settings.c:212  debug_display_settings           [   0.10643] color: 32 (rgba 8880), depth: 0, stencil: 0, acc: 0000, samples: 0/0
display  D   display_settings.c:527  _al_score_display_settings       [   0.10645] Score is : 769
display  D   display_settings.c:212  debug_display_settings           [   0.10646] color: 32 (rgba 8880), depth: 0, stencil: 0, acc: 0000, samples: 0/0
display  D   display_settings.c:527  _al_score_display_settings       [   0.10648] Score is : 769
display  D   display_settings.c:212  debug_display_settings           [   0.10650] color: 32 (rgba 8880), depth: 0, stencil: 0, acc: 0000, samples: 2/1
display  D   display_settings.c:527  _al_score_display_settings       [   0.10652] Score is : 598
display  D   display_settings.c:212  debug_display_settings           [   0.10654] color: 32 (rgba 8880), depth: 0, stencil: 0, acc: 0000, samples: 3/1
display  D   display_settings.c:527  _al_score_display_settings       [   0.10656] Score is : 593
display  D   display_settings.c:212  debug_display_settings           [   0.10658] color: 32 (rgba 8880), depth: 0, stencil: 0, acc: 0000, samples: 4/1
display  D   display_settings.c:527  _al_score_display_settings       [   0.10660] Score is : 589
display  D   display_settings.c:212  debug_display_settings           [   0.10661] color: 32 (rgba 8880), depth: 0, stencil: 0, acc: 0000, samples: 5/1
display  D   display_settings.c:527  _al_score_display_settings       [   0.10664] Score is : 587
display  D   display_settings.c:212  debug_display_settings           [   0.10666] color: 32 (rgba 8880), depth: 0, stencil: 0, acc: 0000, samples: 6/1
display  D   display_settings.c:527  _al_score_display_settings       [   0.10668] Score is : 586
display  D   display_settings.c:212  debug_display_settings           [   0.10669] color: 32 (rgba 8880), depth: 0, stencil: 0, acc: 0000, samples: 7/1
display  D   display_settings.c:527  _al_score_display_settings       [   0.10671] Score is : 585
display  D   display_settings.c:212  debug_display_settings           [   0.10673] color: 32 (rgba 8880), depth: 0, stencil: 0, acc: 0000, samples: 8/1
display  D   display_settings.c:527  _al_score_display_settings       [   0.10675] Score is : 584
display  D   display_settings.c:212  debug_display_settings           [   0.10677] color: 32 (rgba 8880), depth: 24, stencil: 8, acc: 0000, samples: 0/0
display  D   display_settings.c:527  _al_score_display_settings       [   0.10679] Score is : 769
display  D   display_settings.c:212  debug_display_settings           [   0.10680] color: 32 (rgba 8880), depth: 24, stencil: 8, acc: 0000, samples: 0/0
display  D   display_settings.c:527  _al_score_display_settings       [   0.10682] Score is : 769
display  D   display_settings.c:212  debug_display_settings           [   0.10684] color: 32 (rgba 8880), depth: 24, stencil: 8, acc: 0000, samples: 2/1
display  D   display_settings.c:527  _al_score_display_settings       [   0.10686] Score is : 598
display  D   display_settings.c:212  debug_display_settings           [   0.10688] color: 32 (rgba 8880), depth: 24, stencil: 8, acc: 0000, samples: 3/1
display  D   display_settings.c:527  _al_score_display_settings       [   0.10689] Score is : 593
display  D   display_settings.c:212  debug_display_settings           [   0.10691] color: 32 (rgba 8880), depth: 24, stencil: 8, acc: 0000, samples: 4/1
display  D   display_settings.c:527  _al_score_display_settings       [   0.10693] Score is : 589
display  D   display_settings.c:212  debug_display_settings           [   0.10695] color: 32 (rgba 8880), depth: 24, stencil: 8, acc: 0000, samples: 5/1
display  D   display_settings.c:527  _al_score_display_settings       [   0.10697] Score is : 587
display  D   display_settings.c:212  debug_display_settings           [   0.10699] color: 32 (rgba 8880), depth: 24, stencil: 8, acc: 0000, samples: 6/1
display  D   display_settings.c:527  _al_score_display_settings       [   0.10700] Score is : 586
display  D   display_settings.c:212  debug_display_settings           [   0.10702] color: 32 (rgba 8880), depth: 24, stencil: 8, acc: 0000, samples: 7/1
display  D   display_settings.c:527  _al_score_display_settings       [   0.10704] Score is : 585
display  D   display_settings.c:212  debug_display_settings           [   0.10706] color: 32 (rgba 8880), depth: 24, stencil: 8, acc: 0000, samples: 8/1
display  D   display_settings.c:527  _al_score_display_settings       [   0.10708] Score is : 584
display  D   display_settings.c:212  debug_display_settings           [   0.10709] color: 32 (rgba 8880), depth: 24, stencil: 0, acc: 0000, samples: 0/0
display  D   display_settings.c:527  _al_score_display_settings       [   0.10711] Score is : 769
display  D   display_settings.c:212  debug_display_settings           [   0.10713] color: 32 (rgba 8880), depth: 24, stencil: 0, acc: 0000, samples: 0/0
display  D   display_settings.c:527  _al_score_display_settings       [   0.10715] Score is : 769
display  D   display_settings.c:212  debug_display_settings           [   0.10717] color: 32 (rgba 8880), depth: 24, stencil: 0, acc: 0000, samples: 2/1
display  D   display_settings.c:527  _al_score_display_settings       [   0.10719] Score is : 598
display  D   display_settings.c:212  debug_display_settings           [   0.10721] color: 32 (rgba 8880), depth: 24, stencil: 0, acc: 0000, samples: 3/1
display  D   display_settings.c:527  _al_score_display_settings       [   0.10723] Score is : 593
display  D   display_settings.c:212  debug_display_settings           [   0.10724] color: 32 (rgba 8880), depth: 24, stencil: 0, acc: 0000, samples: 4/1
display  D   display_settings.c:527  _al_score_display_settings       [   0.10726] Score is : 589
display  D   display_settings.c:212  debug_display_settings           [   0.10728] color: 32 (rgba 8880), depth: 24, stencil: 0, acc: 0000, samples: 5/1
display  D   display_settings.c:527  _al_score_display_settings       [   0.10730] Score is : 587
display  D   display_settings.c:212  debug_display_settings           [   0.10732] color: 32 (rgba 8880), depth: 24, stencil: 0, acc: 0000, samples: 6/1
display  D   display_settings.c:527  _al_score_display_settings       [   0.10734] Score is : 586
display  D   display_settings.c:212  debug_display_settings           [   0.10735] color: 32 (rgba 8880), depth: 24, stencil: 0, acc: 0000, samples: 7/1
display  D   display_settings.c:527  _al_score_display_settings       [   0.10737] Score is : 585
display  D   display_settings.c:212  debug_display_settings           [   0.10739] color: 32 (rgba 8880), depth: 24, stencil: 0, acc: 0000, samples: 8/1
display  D   display_settings.c:527  _al_score_display_settings       [   0.10741] Score is : 584
display  D   display_settings.c:212  debug_display_settings           [   0.10743] color: 32 (rgba 8880), depth: 16, stencil: 0, acc: 0000, samples: 0/0
display  D   display_settings.c:527  _al_score_display_settings       [   0.10744] Score is : 769
display  D   display_settings.c:212  debug_display_settings           [   0.10746] color: 32 (rgba 8880), depth: 16, stencil: 0, acc: 0000, samples: 0/0
display  D   display_settings.c:527  _al_score_display_settings       [   0.10748] Score is : 769
display  D   display_settings.c:212  debug_display_settings           [   0.10750] color: 32 (rgba 8880), depth: 16, stencil: 0, acc: 0000, samples: 2/1
display  D   display_settings.c:527  _al_score_display_settings       [   0.10752] Score is : 598
display  D   display_settings.c:212  debug_display_settings           [   0.10754] color: 32 (rgba 8880), depth: 16, stencil: 0, acc: 0000, samples: 3/1
display  D   display_settings.c:527  _al_score_display_settings       [   0.10755] Score is : 593
display  D   display_settings.c:212  debug_display_settings           [   0.10757] color: 32 (rgba 8880), depth: 16, stencil: 0, acc: 0000, samples: 4/1
display  D   display_settings.c:527  _al_score_display_settings       [   0.10759] Score is : 589
display  D   display_settings.c:212  debug_display_settings           [   0.10761] color: 32 (rgba 8880), depth: 16, stencil: 0, acc: 0000, samples: 5/1
display  D   display_settings.c:527  _al_score_display_settings       [   0.10763] Score is : 587
display  D   display_settings.c:212  debug_display_settings           [   0.10764] color: 32 (rgba 8880), depth: 16, stencil: 0, acc: 0000, samples: 6/1
display  D   display_settings.c:527  _al_score_display_settings       [   0.10766] Score is : 586
display  D   display_settings.c:212  debug_display_settings           [   0.10768] color: 32 (rgba 8880), depth: 16, stencil: 0, acc: 0000, samples: 7/1
display  D   display_settings.c:527  _al_score_display_settings       [   0.10770] Score is : 585
display  D   display_settings.c:212  debug_display_settings           [   0.10772] color: 32 (rgba 8880), depth: 16, stencil: 0, acc: 0000, samples: 8/1
display  D   display_settings.c:527  _al_score_display_settings       [   0.10774] Score is : 584
display  D   display_settings.c:212  debug_display_settings           [   0.10775] color: 16 (rgba 5650), depth: 0, stencil: 0, acc: 0000, samples: 0/0
display  D   display_settings.c:527  _al_score_display_settings       [   0.10777] Score is : 769
display  D   display_settings.c:212  debug_display_settings           [   0.10779] color: 16 (rgba 5650), depth: 0, stencil: 0, acc: 0000, samples: 0/0
display  D   display_settings.c:527  _al_score_display_settings       [   0.10781] Score is : 769
display  D   display_settings.c:212  debug_display_settings           [   0.10783] color: 16 (rgba 5650), depth: 0, stencil: 0, acc: 0000, samples: 2/1
display  D   display_settings.c:527  _al_score_display_settings       [   0.10785] Score is : 598
display  D   display_settings.c:212  debug_display_settings           [   0.10787] color: 16 (rgba 5650), depth: 0, stencil: 0, acc: 0000, samples: 3/1
display  D   display_settings.c:527  _al_score_display_settings       [   0.10789] Score is : 593
display  D   display_settings.c:212  debug_display_settings           [   0.10790] color: 16 (rgba 5650), depth: 0, stencil: 0, acc: 0000, samples: 4/1
display  D   display_settings.c:527  _al_score_display_settings       [   0.10792] Score is : 589
display  D   display_settings.c:212  debug_display_settings           [   0.10794] color: 16 (rgba 5650), depth: 0, stencil: 0, acc: 0000, samples: 5/1
display  D   display_settings.c:527  _al_score_display_settings       [   0.10796] Score is : 587
display  D   display_settings.c:212  debug_display_settings           [   0.10798] color: 16 (rgba 5650), depth: 0, stencil: 0, acc: 0000, samples: 6/1
display  D   display_settings.c:527  _al_score_display_settings       [   0.10799] Score is : 586
display  D   display_settings.c:212  debug_display_settings           [   0.10801] color: 16 (rgba 5650), depth: 0, stencil: 0, acc: 0000, samples: 7/1
display  D   display_settings.c:527  _al_score_display_settings       [   0.10803] Score is : 585
display  D   display_settings.c:212  debug_display_settings           [   0.10805] color: 16 (rgba 5650), depth: 0, stencil: 0, acc: 0000, samples: 8/1
display  D   display_settings.c:527  _al_score_display_settings       [   0.10807] Score is : 584
display  D   display_settings.c:212  debug_display_settings           [   0.10809] color: 16 (rgba 5650), depth: 24, stencil: 8, acc: 0000, samples: 0/0
display  D   display_settings.c:527  _al_score_display_settings       [   0.10810] Score is : 769
display  D   display_settings.c:212  debug_display_settings           [   0.10812] color: 16 (rgba 5650), depth: 24, stencil: 8, acc: 0000, samples: 0/0
display  D   display_settings.c:527  _al_score_display_settings       [   0.10814] Score is : 769
display  D   display_settings.c:212  debug_display_settings           [   0.10816] color: 16 (rgba 5650), depth: 24, stencil: 8, acc: 0000, samples: 2/1
display  D   display_settings.c:527  _al_score_display_settings       [   0.10818] Score is : 598
display  D   display_settings.c:212  debug_display_settings           [   0.10820] color: 16 (rgba 5650), depth: 24, stencil: 8, acc: 0000, samples: 3/1
display  D   display_settings.c:527  _al_score_display_settings       [   0.10821] Score is : 593
display  D   display_settings.c:212  debug_display_settings           [   0.10823] color: 16 (rgba 5650), depth: 24, stencil: 8, acc: 0000, samples: 4/1
display  D   display_settings.c:527  _al_score_display_settings       [   0.10825] Score is : 589
display  D   display_settings.c:212  debug_display_settings           [   0.10827] color: 16 (rgba 5650), depth: 24, stencil: 8, acc: 0000, samples: 5/1
display  D   display_settings.c:527  _al_score_display_settings       [   0.10829] Score is : 587
display  D   display_settings.c:212  debug_display_settings           [   0.10831] color: 16 (rgba 5650), depth: 24, stencil: 8, acc: 0000, samples: 6/1
display  D   display_settings.c:527  _al_score_display_settings       [   0.10832] Score is : 586
display  D   display_settings.c:212  debug_display_settings           [   0.10834] color: 16 (rgba 5650), depth: 24, stencil: 8, acc: 0000, samples: 7/1
display  D   display_settings.c:527  _al_score_display_settings       [   0.10836] Score is : 585
display  D   display_settings.c:212  debug_display_settings           [   0.10838] color: 16 (rgba 5650), depth: 24, stencil: 8, acc: 0000, samples: 8/1
display  D   display_settings.c:527  _al_score_display_settings       [   0.10840] Score is : 584
display  D   display_settings.c:212  debug_display_settings           [   0.10842] color: 16 (rgba 5650), depth: 24, stencil: 0, acc: 0000, samples: 0/0
display  D   display_settings.c:527  _al_score_display_settings       [   0.10844] Score is : 769
display  D   display_settings.c:212  debug_display_settings           [   0.10845] color: 16 (rgba 5650), depth: 24, stencil: 0, acc: 0000, samples: 0/0
display  D   display_settings.c:527  _al_score_display_settings       [   0.10847] Score is : 769
display  D   display_settings.c:212  debug_display_settings           [   0.10849] color: 16 (rgba 5650), depth: 24, stencil: 0, acc: 0000, samples: 2/1
display  D   display_settings.c:527  _al_score_display_settings       [   0.10851] Score is : 598
display  D   display_settings.c:212  debug_display_settings           [   0.10853] color: 16 (rgba 5650), depth: 24, stencil: 0, acc: 0000, samples: 3/1
display  D   display_settings.c:527  _al_score_display_settings       [   0.10855] Score is : 593
display  D   display_settings.c:212  debug_display_settings           [   0.10856] color: 16 (rgba 5650), depth: 24, stencil: 0, acc: 0000, samples: 4/1
display  D   display_settings.c:527  _al_score_display_settings       [   0.10858] Score is : 589
display  D   display_settings.c:212  debug_display_settings           [   0.10860] color: 16 (rgba 5650), depth: 24, stencil: 0, acc: 0000, samples: 5/1
display  D   display_settings.c:527  _al_score_display_settings       [   0.10862] Score is : 587
display  D   display_settings.c:212  debug_display_settings           [   0.10864] color: 16 (rgba 5650), depth: 24, stencil: 0, acc: 0000, samples: 6/1
display  D   display_settings.c:527  _al_score_display_settings       [   0.10866] Score is : 586
display  D   display_settings.c:212  debug_display_settings           [   0.10868] color: 16 (rgba 5650), depth: 24, stencil: 0, acc: 0000, samples: 7/1
display  D   display_settings.c:527  _al_score_display_settings       [   0.10870] Score is : 585
display  D   display_settings.c:212  debug_display_settings           [   0.10872] color: 16 (rgba 5650), depth: 24, stencil: 0, acc: 0000, samples: 8/1
display  D   display_settings.c:527  _al_score_display_settings       [   0.10874] Score is : 584
display  D   display_settings.c:212  debug_display_settings           [   0.10875] color: 16 (rgba 5650), depth: 16, stencil: 0, acc: 0000, samples: 0/0
display  D   display_settings.c:527  _al_score_display_settings       [   0.10877] Score is : 769
display  D   display_settings.c:212  debug_display_settings           [   0.10879] color: 16 (rgba 5650), depth: 16, stencil: 0, acc: 0000, samples: 0/0
display  D   display_settings.c:527  _al_score_display_settings       [   0.10881] Score is : 769
display  D   display_settings.c:212  debug_display_settings           [   0.10883] color: 16 (rgba 5650), depth: 16, stencil: 0, acc: 0000, samples: 2/1
display  D   display_settings.c:527  _al_score_display_settings       [   0.10885] Score is : 598
display  D   display_settings.c:212  debug_display_settings           [   0.10886] color: 16 (rgba 5650), depth: 16, stencil: 0, acc: 0000, samples: 3/1
display  D   display_settings.c:527  _al_score_display_settings       [   0.10888] Score is : 593
display  D   display_settings.c:212  debug_display_settings           [   0.10890] color: 16 (rgba 5650), depth: 16, stencil: 0, acc: 0000, samples: 4/1
display  D   display_settings.c:527  _al_score_display_settings       [   0.10892] Score is : 589
display  D   display_settings.c:212  debug_display_settings           [   0.10894] color: 16 (rgba 5650), depth: 16, stencil: 0, acc: 0000, samples: 5/1
display  D   display_settings.c:527  _al_score_display_settings       [   0.10896] Score is : 587
display  D   display_settings.c:212  debug_display_settings           [   0.10897] color: 16 (rgba 5650), depth: 16, stencil: 0, acc: 0000, samples: 6/1
display  D   display_settings.c:527  _al_score_display_settings       [   0.10899] Score is : 586
display  D   display_settings.c:212  debug_display_settings           [   0.10901] color: 16 (rgba 5650), depth: 16, stencil: 0, acc: 0000, samples: 7/1
display  D   display_settings.c:527  _al_score_display_settings       [   0.10903] Score is : 585
display  D   display_settings.c:212  debug_display_settings           [   0.10905] color: 16 (rgba 5650), depth: 16, stencil: 0, acc: 0000, samples: 8/1
display  D   display_settings.c:527  _al_score_display_settings       [   0.10907] Score is : 584
display  D   display_settings.c:212  debug_display_settings           [   0.10909] color: 32 (rgba 8880), depth: 0, stencil: 0, acc: 0000, samples: 0/0
display  D   display_settings.c:398  _al_score_display_settings       [   0.10910] Single Buffer requirement not met.
display  D   display_settings.c:212  debug_display_settings           [   0.10912] color: 32 (rgba 8880), depth: 0, stencil: 0, acc: 0000, samples: 0/0
display  D   display_settings.c:398  _al_score_display_settings       [   0.10914] Single Buffer requirement not met.
display  D   display_settings.c:212  debug_display_settings           [   0.10916] color: 32 (rgba 8880), depth: 0, stencil: 0, acc: 0000, samples: 2/1
display  D   display_settings.c:398  _al_score_display_settings       [   0.10918] Single Buffer requirement not met.
display  D   display_settings.c:212  debug_display_settings           [   0.10920] color: 32 (rgba 8880), depth: 0, stencil: 0, acc: 0000, samples: 3/1
display  D   display_settings.c:398  _al_score_display_settings       [   0.10922] Single Buffer requirement not met.
display  D   display_settings.c:212  debug_display_settings           [   0.10923] color: 32 (rgba 8880), depth: 0, stencil: 0, acc: 0000, samples: 4/1
display  D   display_settings.c:398  _al_score_display_settings       [   0.10925] Single Buffer requirement not met.
display  D   display_settings.c:212  debug_display_settings           [   0.10927] color: 32 (rgba 8880), depth: 0, stencil: 0, acc: 0000, samples: 5/1
display  D   display_settings.c:398  _al_score_display_settings       [   0.10929] Single Buffer requirement not met.
display  D   display_settings.c:212  debug_display_settings           [   0.10931] color: 32 (rgba 8880), depth: 0, stencil: 0, acc: 0000, samples: 6/1
display  D   display_settings.c:398  _al_score_display_settings       [   0.10933] Single Buffer requirement not met.
display  D   display_settings.c:212  debug_display_settings           [   0.10934] color: 32 (rgba 8880), depth: 0, stencil: 0, acc: 0000, samples: 7/1
display  D   display_settings.c:398  _al_score_display_settings       [   0.10936] Single Buffer requirement not met.
display  D   display_settings.c:212  debug_display_settings           [   0.10938] color: 32 (rgba 8880), depth: 0, stencil: 0, acc: 0000, samples: 8/1
display  D   display_settings.c:398  _al_score_display_settings       [   0.10940] Single Buffer requirement not met.
display  D   display_settings.c:212  debug_display_settings           [   0.10942] color: 32 (rgba 8880), depth: 24, stencil: 8, acc: 0000, samples: 0/0
display  D   display_settings.c:398  _al_score_display_settings       [   0.10944] Single Buffer requirement not met.
display  D   display_settings.c:212  debug_display_settings           [   0.10946] color: 32 (rgba 8880), depth: 24, stencil: 8, acc: 0000, samples: 0/0
display  D   display_settings.c:398  _al_score_display_settings       [   0.10947] Single Buffer requirement not met.
display  D   display_settings.c:212  debug_display_settings           [   0.10949] color: 32 (rgba 8880), depth: 24, stencil: 8, acc: 0000, samples: 2/1
display  D   display_settings.c:398  _al_score_display_settings       [   0.10951] Single Buffer requirement not met.
display  D   display_settings.c:212  debug_display_settings           [   0.10953] color: 32 (rgba 8880), depth: 24, stencil: 8, acc: 0000, samples: 3/1
display  D   display_settings.c:398  _al_score_display_settings       [   0.10955] Single Buffer requirement not met.
display  D   display_settings.c:212  debug_display_settings           [   0.10957] color: 32 (rgba 8880), depth: 24, stencil: 8, acc: 0000, samples: 4/1
display  D   display_settings.c:398  _al_score_display_settings       [   0.10959] Single Buffer requirement not met.
display  D   display_settings.c:212  debug_display_settings           [   0.10960] color: 32 (rgba 8880), depth: 24, stencil: 8, acc: 0000, samples: 5/1
display  D   display_settings.c:398  _al_score_display_settings       [   0.10962] Single Buffer requirement not met.
display  D   display_settings.c:212  debug_display_settings           [   0.10964] color: 32 (rgba 8880), depth: 24, stencil: 8, acc: 0000, samples: 6/1
display  D   display_settings.c:398  _al_score_display_settings       [   0.10966] Single Buffer requirement not met.
display  D   display_settings.c:212  debug_display_settings           [   0.10968] color: 32 (rgba 8880), depth: 24, stencil: 8, acc: 0000, samples: 7/1
display  D   display_settings.c:398  _al_score_display_settings       [   0.10970] Single Buffer requirement not met.
display  D   display_settings.c:212  debug_display_settings           [   0.10972] color: 32 (rgba 8880), depth: 24, stencil: 8, acc: 0000, samples: 8/1
display  D   display_settings.c:398  _al_score_display_settings       [   0.10973] Single Buffer requirement not met.
display  D   display_settings.c:212  debug_display_settings           [   0.10975] color: 32 (rgba 8880), depth: 24, stencil: 0, acc: 0000, samples: 0/0
display  D   display_settings.c:398  _al_score_display_settings       [   0.10977] Single Buffer requirement not met.
display  D   display_settings.c:212  debug_display_settings           [   0.10979] color: 32 (rgba 8880), depth: 24, stencil: 0, acc: 0000, samples: 0/0
display  D   display_settings.c:398  _al_score_display_settings       [   0.10981] Single Buffer requirement not met.
display  D   display_settings.c:212  debug_display_settings           [   0.10983] color: 32 (rgba 8880), depth: 24, stencil: 0, acc: 0000, samples: 2/1
display  D   display_settings.c:398  _al_score_display_settings       [   0.10985] Single Buffer requirement not met.
display  D   display_settings.c:212  debug_display_settings           [   0.10986] color: 32 (rgba 8880), depth: 24, stencil: 0, acc: 0000, samples: 3/1
display  D   display_settings.c:398  _al_score_display_settings       [   0.10988] Single Buffer requirement not met.
display  D   display_settings.c:212  debug_display_settings           [   0.10990] color: 32 (rgba 8880), depth: 24, stencil: 0, acc: 0000, samples: 4/1
display  D   display_settings.c:398  _al_score_display_settings       [   0.10992] Single Buffer requirement not met.
display  D   display_settings.c:212  debug_display_settings           [   0.10994] color: 32 (rgba 8880), depth: 24, stencil: 0, acc: 0000, samples: 5/1
display  D   display_settings.c:398  _al_score_display_settings       [   0.10996] Single Buffer requirement not met.
display  D   display_settings.c:212  debug_display_settings           [   0.10997] color: 32 (rgba 8880), depth: 24, stencil: 0, acc: 0000, samples: 6/1
display  D   display_settings.c:398  _al_score_display_settings       [   0.10999] Single Buffer requirement not met.
display  D   display_settings.c:212  debug_display_settings           [   0.11001] color: 32 (rgba 8880), depth: 24, stencil: 0, acc: 0000, samples: 7/1
display  D   display_settings.c:398  _al_score_display_settings       [   0.11003] Single Buffer requirement not met.
display  D   display_settings.c:212  debug_display_settings           [   0.11005] color: 32 (rgba 8880), depth: 24, stencil: 0, acc: 0000, samples: 8/1
display  D   display_settings.c:398  _al_score_display_settings       [   0.11007] Single Buffer requirement not met.
display  D   display_settings.c:212  debug_display_settings           [   0.11008] color: 32 (rgba 8880), depth: 16, stencil: 0, acc: 0000, samples: 0/0
display  D   display_settings.c:398  _al_score_display_settings       [   0.11013] Single Buffer requirement not met.
display  D   display_settings.c:212  debug_display_settings           [   0.11015] color: 32 (rgba 8880), depth: 16, stencil: 0, acc: 0000, samples: 0/0
display  D   display_settings.c:398  _al_score_display_settings       [   0.11017] Single Buffer requirement not met.
display  D   display_settings.c:212  debug_display_settings           [   0.11019] color: 32 (rgba 8880), depth: 16, stencil: 0, acc: 0000, samples: 2/1
display  D   display_settings.c:398  _al_score_display_settings       [   0.11021] Single Buffer requirement not met.
display  D   display_settings.c:212  debug_display_settings           [   0.11022] color: 32 (rgba 8880), depth: 16, stencil: 0, acc: 0000, samples: 3/1
display  D   display_settings.c:398  _al_score_display_settings       [   0.11024] Single Buffer requirement not met.
display  D   display_settings.c:212  debug_display_settings           [   0.11026] color: 32 (rgba 8880), depth: 16, stencil: 0, acc: 0000, samples: 4/1
display  D   display_settings.c:398  _al_score_display_settings       [   0.11028] Single Buffer requirement not met.
display  D   display_settings.c:212  debug_display_settings           [   0.11030] color: 32 (rgba 8880), depth: 16, stencil: 0, acc: 0000, samples: 5/1
display  D   display_settings.c:398  _al_score_display_settings       [   0.11032] Single Buffer requirement not met.
display  D   display_settings.c:212  debug_display_settings           [   0.11033] color: 32 (rgba 8880), depth: 16, stencil: 0, acc: 0000, samples: 6/1
display  D   display_settings.c:398  _al_score_display_settings       [   0.11035] Single Buffer requirement not met.
display  D   display_settings.c:212  debug_display_settings           [   0.11037] color: 32 (rgba 8880), depth: 16, stencil: 0, acc: 0000, samples: 7/1
display  D   display_settings.c:398  _al_score_display_settings       [   0.11039] Single Buffer requirement not met.
display  D   display_settings.c:212  debug_display_settings           [   0.11041] color: 32 (rgba 8880), depth: 16, stencil: 0, acc: 0000, samples: 8/1
display  D   display_settings.c:398  _al_score_display_settings       [   0.11043] Single Buffer requirement not met.
display  D   display_settings.c:212  debug_display_settings           [   0.11045] color: 16 (rgba 5650), depth: 0, stencil: 0, acc: 0000, samples: 0/0
display  D   display_settings.c:398  _al_score_display_settings       [   0.11046] Single Buffer requirement not met.
display  D   display_settings.c:212  debug_display_settings           [   0.11048] color: 16 (rgba 5650), depth: 0, stencil: 0, acc: 0000, samples: 0/0
display  D   display_settings.c:398  _al_score_display_settings       [   0.11050] Single Buffer requirement not met.
display  D   display_settings.c:212  debug_display_settings           [   0.11052] color: 16 (rgba 5650), depth: 0, stencil: 0, acc: 0000, samples: 2/1
display  D   display_settings.c:398  _al_score_display_settings       [   0.11054] Single Buffer requirement not met.
display  D   display_settings.c:212  debug_display_settings           [   0.11056] color: 16 (rgba 5650), depth: 0, stencil: 0, acc: 0000, samples: 3/1
display  D   display_settings.c:398  _al_score_display_settings       [   0.11058] Single Buffer requirement not met.
display  D   display_settings.c:212  debug_display_settings           [   0.11059] color: 16 (rgba 5650), depth: 0, stencil: 0, acc: 0000, samples: 4/1
display  D   display_settings.c:398  _al_score_display_settings       [   0.11061] Single Buffer requirement not met.
display  D   display_settings.c:212  debug_display_settings           [   0.11063] color: 16 (rgba 5650), depth: 0, stencil: 0, acc: 0000, samples: 5/1
display  D   display_settings.c:398  _al_score_display_settings       [   0.11066] Single Buffer requirement not met.
display  D   display_settings.c:212  debug_display_settings           [   0.11067] color: 16 (rgba 5650), depth: 0, stencil: 0, acc: 0000, samples: 6/1
display  D   display_settings.c:398  _al_score_display_settings       [   0.11069] Single Buffer requirement not met.
display  D   display_settings.c:212  debug_display_settings           [   0.11071] color: 16 (rgba 5650), depth: 0, stencil: 0, acc: 0000, samples: 7/1
display  D   display_settings.c:398  _al_score_display_settings       [   0.11073] Single Buffer requirement not met.
display  D   display_settings.c:212  debug_display_settings           [   0.11075] color: 16 (rgba 5650), depth: 0, stencil: 0, acc: 0000, samples: 8/1
display  D   display_settings.c:398  _al_score_display_settings       [   0.11077] Single Buffer requirement not met.
display  D   display_settings.c:212  debug_display_settings           [   0.11079] color: 16 (rgba 5650), depth: 24, stencil: 8, acc: 0000, samples: 0/0
display  D   display_settings.c:398  _al_score_display_settings       [   0.11080] Single Buffer requirement not met.
display  D   display_settings.c:212  debug_display_settings           [   0.11082] color: 16 (rgba 5650), depth: 24, stencil: 8, acc: 0000, samples: 0/0
display  D   display_settings.c:398  _al_score_display_settings       [   0.11084] Single Buffer requirement not met.
display  D   display_settings.c:212  debug_display_settings           [   0.11086] color: 16 (rgba 5650), depth: 24, stencil: 8, acc: 0000, samples: 2/1
display  D   display_settings.c:398  _al_score_display_settings       [   0.11088] Single Buffer requirement not met.
display  D   display_settings.c:212  debug_display_settings           [   0.11090] color: 16 (rgba 5650), depth: 24, stencil: 8, acc: 0000, samples: 3/1
display  D   display_settings.c:398  _al_score_display_settings       [   0.11092] Single Buffer requirement not met.
display  D   display_settings.c:212  debug_display_settings           [   0.11093] color: 16 (rgba 5650), depth: 24, stencil: 8, acc: 0000, samples: 4/1
display  D   display_settings.c:398  _al_score_display_settings       [   0.11095] Single Buffer requirement not met.
display  D   display_settings.c:212  debug_display_settings           [   0.11097] color: 16 (rgba 5650), depth: 24, stencil: 8, acc: 0000, samples: 5/1
display  D   display_settings.c:398  _al_score_display_settings       [   0.11099] Single Buffer requirement not met.
display  D   display_settings.c:212  debug_display_settings           [   0.11101] color: 16 (rgba 5650), depth: 24, stencil: 8, acc: 0000, samples: 6/1
display  D   display_settings.c:398  _al_score_display_settings       [   0.11103] Single Buffer requirement not met.
display  D   display_settings.c:212  debug_display_settings           [   0.11104] color: 16 (rgba 5650), depth: 24, stencil: 8, acc: 0000, samples: 7/1
display  D   display_settings.c:398  _al_score_display_settings       [   0.11106] Single Buffer requirement not met.
display  D   display_settings.c:212  debug_display_settings           [   0.11108] color: 16 (rgba 5650), depth: 24, stencil: 8, acc: 0000, samples: 8/1
display  D   display_settings.c:398  _al_score_display_settings       [   0.11110] Single Buffer requirement not met.
display  D   display_settings.c:212  debug_display_settings           [   0.11112] color: 16 (rgba 5650), depth: 24, stencil: 0, acc: 0000, samples: 0/0
display  D   display_settings.c:398  _al_score_display_settings       [   0.11114] Single Buffer requirement not met.
display  D   display_settings.c:212  debug_display_settings           [   0.11116] color: 16 (rgba 5650), depth: 24, stencil: 0, acc: 0000, samples: 0/0
display  D   display_settings.c:398  _al_score_display_settings       [   0.11117] Single Buffer requirement not met.
display  D   display_settings.c:212  debug_display_settings           [   0.11119] color: 16 (rgba 5650), depth: 24, stencil: 0, acc: 0000, samples: 2/1
display  D   display_settings.c:398  _al_score_display_settings       [   0.11121] Single Buffer requirement not met.
display  D   display_settings.c:212  debug_display_settings           [   0.11123] color: 16 (rgba 5650), depth: 24, stencil: 0, acc: 0000, samples: 3/1
display  D   display_settings.c:398  _al_score_display_settings       [   0.11125] Single Buffer requirement not met.
display  D   display_settings.c:212  debug_display_settings           [   0.11127] color: 16 (rgba 5650), depth: 24, stencil: 0, acc: 0000, samples: 4/1
display  D   display_settings.c:398  _al_score_display_settings       [   0.11129] Single Buffer requirement not met.
display  D   display_settings.c:212  debug_display_settings           [   0.11131] color: 16 (rgba 5650), depth: 24, stencil: 0, acc: 0000, samples: 5/1
display  D   display_settings.c:398  _al_score_display_settings       [   0.11133] Single Buffer requirement not met.
display  D   display_settings.c:212  debug_display_settings           [   0.11134] color: 16 (rgba 5650), depth: 24, stencil: 0, acc: 0000, samples: 6/1
display  D   display_settings.c:398  _al_score_display_settings       [   0.11136] Single Buffer requirement not met.
display  D   display_settings.c:212  debug_display_settings           [   0.11138] color: 16 (rgba 5650), depth: 24, stencil: 0, acc: 0000, samples: 7/1
display  D   display_settings.c:398  _al_score_display_settings       [   0.11140] Single Buffer requirement not met.
display  D   display_settings.c:212  debug_display_settings           [   0.11142] color: 16 (rgba 5650), depth: 24, stencil: 0, acc: 0000, samples: 8/1
display  D   display_settings.c:398  _al_score_display_settings       [   0.11144] Single Buffer requirement not met.
display  D   display_settings.c:212  debug_display_settings           [   0.11145] color: 16 (rgba 5650), depth: 16, stencil: 0, acc: 0000, samples: 0/0
display  D   display_settings.c:398  _al_score_display_settings       [   0.11147] Single Buffer requirement not met.
display  D   display_settings.c:212  debug_display_settings           [   0.11149] color: 16 (rgba 5650), depth: 16, stencil: 0, acc: 0000, samples: 0/0
display  D   display_settings.c:398  _al_score_display_settings       [   0.11151] Single Buffer requirement not met.
display  D   display_settings.c:212  debug_display_settings           [   0.11153] color: 16 (rgba 5650), depth: 16, stencil: 0, acc: 0000, samples: 2/1
display  D   display_settings.c:398  _al_score_display_settings       [   0.11155] Single Buffer requirement not met.
display  D   display_settings.c:212  debug_display_settings           [   0.11156] color: 16 (rgba 5650), depth: 16, stencil: 0, acc: 0000, samples: 3/1
display  D   display_settings.c:398  _al_score_display_settings       [   0.11158] Single Buffer requirement not met.
display  D   display_settings.c:212  debug_display_settings           [   0.11160] color: 16 (rgba 5650), depth: 16, stencil: 0, acc: 0000, samples: 4/1
display  D   display_settings.c:398  _al_score_display_settings       [   0.11162] Single Buffer requirement not met.
display  D   display_settings.c:212  debug_display_settings           [   0.11164] color: 16 (rgba 5650), depth: 16, stencil: 0, acc: 0000, samples: 5/1
display  D   display_settings.c:398  _al_score_display_settings       [   0.11166] Single Buffer requirement not met.
display  D   display_settings.c:212  debug_display_settings           [   0.11167] color: 16 (rgba 5650), depth: 16, stencil: 0, acc: 0000, samples: 6/1
display  D   display_settings.c:398  _al_score_display_settings       [   0.11169] Single Buffer requirement not met.
display  D   display_settings.c:212  debug_display_settings           [   0.11171] color: 16 (rgba 5650), depth: 16, stencil: 0, acc: 0000, samples: 7/1
display  D   display_settings.c:398  _al_score_display_settings       [   0.11173] Single Buffer requirement not met.
display  D   display_settings.c:212  debug_display_settings           [   0.11175] color: 16 (rgba 5650), depth: 16, stencil: 0, acc: 0000, samples: 8/1
display  D   display_settings.c:398  _al_score_display_settings       [   0.11177] Single Buffer requirement not met.
d3d      D         d3d_disp.cpp:1682 d3d_create_display_internals     [   0.11182] Trying format 0.
d3d      I         d3d_disp.cpp:1358 d3d_display_thread_proc          [   0.11210] Chose a display format: 23
d3d      I         d3d_disp.cpp:1427 d3d_display_thread_proc          [   0.11216] Normal window.
d3d      I         d3d_disp.cpp:791  d3d_create_device                [   0.15771] Using no depth stencil buffer
d3d      D         d3d_disp.cpp:853  d3d_create_device                [   0.22261] BeginScene succeeded in create_device
d3d      D         d3d_disp.cpp:861  d3d_create_device                [   0.22268] Success
d3d      D         d3d_disp.cpp:1705 d3d_create_display_internals     [   0.22274] Resumed after wait.
d3d      I         d3d_disp.cpp:1738 d3d_create_display_internals     [   0.22284] Format 0 succeeded.
d3d      D         d3d_disp.cpp:1769 d3d_create_display_internals     [   0.22288] Returning d3d_display: 000000000100b220
d3d      D         d3d_disp.cpp:1794 d3d_create_display_locked        [   0.22290] al_display=000000000100b220
d3d      D         d3d_disp.cpp:1795 d3d_create_display_locked        [   0.22292] al_display->vt=000000000100b0b0
system   D            wsystem.c:874  _al_win_safe_load_library        [   0.22337] PathFindOnPath found: C:\WINDOWS\system32\d3dx9_43.dll
system   D            wsystem.c:780  load_library_at_path             [   0.22343] Calling LoadLibrary C:\WINDOWS\system32\d3dx9_43.dll
system   I            wsystem.c:783  load_library_at_path             [   0.22409] Loaded C:\WINDOWS\system32\d3dx9_43.dll
d3dx9    I        d3d_d3dx9.cpp:88   _imp_load_d3dx9_module_version   [   0.22415] Module "d3dx9_43.dll" loaded.
stdio    D         file_stdio.c:110  file_stdio_fopen                 [   0.22423] opening assets/tilesets/ground_map.png rb
stdio    D         file_stdio.c:110  file_stdio_fopen                 [   0.22443] opening assets/tilesets/ground_map.png rb
d3d      D         d3d_disp.cpp:1202 real_choose_bitmap_format        [   0.22463] Fake format
d3d      D         d3d_disp.cpp:1202 real_choose_bitmap_format        [   0.22466] Fake format
d3d      D         d3d_disp.cpp:1202 real_choose_bitmap_format        [   0.22468] Fake format
d3d      D         d3d_disp.cpp:1202 real_choose_bitmap_format        [   0.22469] Fake format
d3d      D         d3d_disp.cpp:1202 real_choose_bitmap_format        [   0.22471] Fake format
d3d      D         d3d_disp.cpp:1202 real_choose_bitmap_format        [   0.22473] Fake format
d3d      D         d3d_disp.cpp:1202 real_choose_bitmap_format        [   0.22474] Fake format
d3d      D         d3d_disp.cpp:1202 real_choose_bitmap_format        [   0.22476] Fake format
d3d      D         d3d_disp.cpp:1202 real_choose_bitmap_format        [   0.22478] Fake format
d3d      D         d3d_disp.cpp:1210 real_choose_bitmap_format        [   0.22479] Alpha doesn't match
d3d      D         d3d_disp.cpp:1217 real_choose_bitmap_format        [   0.22481] Adapter format is 23
d3d      D         d3d_disp.cpp:1220 real_choose_bitmap_format        [   0.22484] Found a format
d3d      I         d3d_disp.cpp:2391 d3d_create_bitmap                [   0.22486] Chose bitmap format 9
dtor     D               dtor.c:196  _al_register_destructor          [   0.22513] added dtor for bitmap 00000000027e3230, func 00007ffee49f1bea
stdio    D         file_stdio.c:110  file_stdio_fopen                 [   0.30779] opening assets/tilesets/fence-1.png rb
stdio    D         file_stdio.c:110  file_stdio_fopen                 [   0.30808] opening assets/tilesets/fence-1.png rb
d3d      D         d3d_disp.cpp:1202 real_choose_bitmap_format        [   0.30820] Fake format
d3d      D         d3d_disp.cpp:1202 real_choose_bitmap_format        [   0.30823] Fake format
d3d      D         d3d_disp.cpp:1202 real_choose_bitmap_format        [   0.30825] Fake format
d3d      D         d3d_disp.cpp:1202 real_choose_bitmap_format        [   0.30827] Fake format
d3d      D         d3d_disp.cpp:1202 real_choose_bitmap_format        [   0.30828] Fake format
d3d      D         d3d_disp.cpp:1202 real_choose_bitmap_format        [   0.30830] Fake format
d3d      D         d3d_disp.cpp:1202 real_choose_bitmap_format        [   0.30832] Fake format
d3d      D         d3d_disp.cpp:1202 real_choose_bitmap_format        [   0.30834] Fake format
d3d      D         d3d_disp.cpp:1202 real_choose_bitmap_format        [   0.30836] Fake format
d3d      D         d3d_disp.cpp:1210 real_choose_bitmap_format        [   0.30838] Alpha doesn't match
d3d      D         d3d_disp.cpp:1217 real_choose_bitmap_format        [   0.30839] Adapter format is 23
d3d      D         d3d_disp.cpp:1220 real_choose_bitmap_format        [   0.30841] Found a format
d3d      I         d3d_disp.cpp:2391 d3d_create_bitmap                [   0.30843] Chose bitmap format 9
dtor     D               dtor.c:196  _al_register_destructor          [   0.30866] added dtor for bitmap 00000000027f1c00, func 00007ffee49f1bea
stdio    D         file_stdio.c:110  file_stdio_fopen                 [   0.31127] opening assets/tilesets/fence-2.png rb
stdio    D         file_stdio.c:110  file_stdio_fopen                 [   0.31150] opening assets/tilesets/fence-2.png rb
d3d      D         d3d_disp.cpp:1202 real_choose_bitmap_format        [   0.31161] Fake format
d3d      D         d3d_disp.cpp:1202 real_choose_bitmap_format        [   0.31164] Fake format
d3d      D         d3d_disp.cpp:1202 real_choose_bitmap_format        [   0.31166] Fake format
d3d      D         d3d_disp.cpp:1202 real_choose_bitmap_format        [   0.31167] Fake format
d3d      D         d3d_disp.cpp:1202 real_choose_bitmap_format        [   0.31169] Fake format
d3d      D         d3d_disp.cpp:1202 real_choose_bitmap_format        [   0.31171] Fake format
d3d      D         d3d_disp.cpp:1202 real_choose_bitmap_format        [   0.31173] Fake format
d3d      D         d3d_disp.cpp:1202 real_choose_bitmap_format        [   0.31174] Fake format
d3d      D         d3d_disp.cpp:1202 real_choose_bitmap_format        [   0.31176] Fake format
d3d      D         d3d_disp.cpp:1210 real_choose_bitmap_format        [   0.31178] Alpha doesn't match
d3d      D         d3d_disp.cpp:1217 real_choose_bitmap_format        [   0.31179] Adapter format is 23
d3d      D         d3d_disp.cpp:1220 real_choose_bitmap_format        [   0.31181] Found a format
d3d      I         d3d_disp.cpp:2391 d3d_create_bitmap                [   0.31183] Chose bitmap format 9
dtor     D               dtor.c:196  _al_register_destructor          [   0.31200] added dtor for bitmap 00000000027f3c00, func 00007ffee49f1bea
stdio    D         file_stdio.c:110  file_stdio_fopen                 [   0.31230] opening assets/tilesets/tree-1.png rb
stdio    D         file_stdio.c:110  file_stdio_fopen                 [   0.31251] opening assets/tilesets/tree-1.png rb
d3d      D         d3d_disp.cpp:1202 real_choose_bitmap_format        [   0.31262] Fake format
d3d      D         d3d_disp.cpp:1202 real_choose_bitmap_format        [   0.31265] Fake format
d3d      D         d3d_disp.cpp:1202 real_choose_bitmap_format        [   0.31266] Fake format
d3d      D         d3d_disp.cpp:1202 real_choose_bitmap_format        [   0.31268] Fake format
d3d      D         d3d_disp.cpp:1202 real_choose_bitmap_format        [   0.31270] Fake format
d3d      D         d3d_disp.cpp:1202 real_choose_bitmap_format        [   0.31272] Fake format
d3d      D         d3d_disp.cpp:1202 real_choose_bitmap_format        [   0.31273] Fake format
d3d      D         d3d_disp.cpp:1202 real_choose_bitmap_format        [   0.31275] Fake format
d3d      D         d3d_disp.cpp:1202 real_choose_bitmap_format        [   0.31277] Fake format
d3d      D         d3d_disp.cpp:1210 real_choose_bitmap_format        [   0.31279] Alpha doesn't match
d3d      D         d3d_disp.cpp:1217 real_choose_bitmap_format        [   0.31280] Adapter format is 23
d3d      D         d3d_disp.cpp:1220 real_choose_bitmap_format        [   0.31282] Found a format
d3d      I         d3d_disp.cpp:2391 d3d_create_bitmap                [   0.31284] Chose bitmap format 9
dtor     D               dtor.c:196  _al_register_destructor          [   0.31305] added dtor for bitmap 00000000027f1630, func 00007ffee49f1bea
stdio    D         file_stdio.c:110  file_stdio_fopen                 [   0.31468] opening assets/tilesets/tree-2.png rb
stdio    D         file_stdio.c:110  file_stdio_fopen                 [   0.31488] opening assets/tilesets/tree-2.png rb
d3d      D         d3d_disp.cpp:1202 real_choose_bitmap_format        [   0.31500] Fake format
d3d      D         d3d_disp.cpp:1202 real_choose_bitmap_format        [   0.31503] Fake format
d3d      D         d3d_disp.cpp:1202 real_choose_bitmap_format        [   0.31505] Fake format
d3d      D         d3d_disp.cpp:1202 real_choose_bitmap_format        [   0.31506] Fake format
d3d      D         d3d_disp.cpp:1202 real_choose_bitmap_format        [   0.31508] Fake format
d3d      D         d3d_disp.cpp:1202 real_choose_bitmap_format        [   0.31510] Fake format
d3d      D         d3d_disp.cpp:1202 real_choose_bitmap_format        [   0.31511] Fake format
d3d      D         d3d_disp.cpp:1202 real_choose_bitmap_format        [   0.31513] Fake format
d3d      D         d3d_disp.cpp:1202 real_choose_bitmap_format        [   0.31515] Fake format
d3d      D         d3d_disp.cpp:1210 real_choose_bitmap_format        [   0.31516] Alpha doesn't match
d3d      D         d3d_disp.cpp:1217 real_choose_bitmap_format        [   0.31518] Adapter format is 23
d3d      D         d3d_disp.cpp:1220 real_choose_bitmap_format        [   0.31520] Found a format
d3d      I         d3d_disp.cpp:2391 d3d_create_bitmap                [   0.31522] Chose bitmap format 9
dtor     D               dtor.c:196  _al_register_destructor          [   0.31544] added dtor for bitmap 00000000027f13b0, func 00007ffee49f1bea
dtor     D               dtor.c:196  _al_register_destructor          [   0.31683] added dtor for queue 00000000027f1560, func 00007ffee4a1c5dc
dtor     D               dtor.c:196  _al_register_destructor          [   0.32292] added dtor for timer 00000000027f3db0, func 00007ffee4a2fb3b
stdio    D         file_stdio.c:110  file_stdio_fopen                 [   0.32304] opening assets/image/icon.jpg rb
stdio    D         file_stdio.c:110  file_stdio_fopen                 [   0.32326] opening assets/image/icon.jpg rb
d3d      D         d3d_disp.cpp:1202 real_choose_bitmap_format        [   0.32347] Fake format
d3d      D         d3d_disp.cpp:1202 real_choose_bitmap_format        [   0.32350] Fake format
d3d      D         d3d_disp.cpp:1202 real_choose_bitmap_format        [   0.32352] Fake format
d3d      D         d3d_disp.cpp:1202 real_choose_bitmap_format        [   0.32354] Fake format
d3d      D         d3d_disp.cpp:1202 real_choose_bitmap_format        [   0.32355] Fake format
d3d      D         d3d_disp.cpp:1202 real_choose_bitmap_format        [   0.32357] Fake format
d3d      D         d3d_disp.cpp:1202 real_choose_bitmap_format        [   0.32359] Fake format
d3d      D         d3d_disp.cpp:1202 real_choose_bitmap_format        [   0.32360] Fake format
d3d      D         d3d_disp.cpp:1202 real_choose_bitmap_format        [   0.32362] Fake format
d3d      D         d3d_disp.cpp:1210 real_choose_bitmap_format        [   0.32364] Alpha doesn't match
d3d      D         d3d_disp.cpp:1217 real_choose_bitmap_format        [   0.32366] Adapter format is 23
d3d      D         d3d_disp.cpp:1220 real_choose_bitmap_format        [   0.32367] Found a format
d3d      I         d3d_disp.cpp:2391 d3d_create_bitmap                [   0.32369] Chose bitmap format 9
dtor     D               dtor.c:196  _al_register_destructor          [   0.32402] added dtor for bitmap 00000000027e2fd0, func 00007ffee49f1bea
d3d      D         d3d_disp.cpp:1202 real_choose_bitmap_format        [   0.32568] Fake format
d3d      D         d3d_disp.cpp:1202 real_choose_bitmap_format        [   0.32573] Fake format
d3d      D         d3d_disp.cpp:1202 real_choose_bitmap_format        [   0.32575] Fake format
d3d      D         d3d_disp.cpp:1202 real_choose_bitmap_format        [   0.32576] Fake format
d3d      D         d3d_disp.cpp:1202 real_choose_bitmap_format        [   0.32579] Fake format
d3d      D         d3d_disp.cpp:1202 real_choose_bitmap_format        [   0.32580] Fake format
d3d      D         d3d_disp.cpp:1202 real_choose_bitmap_format        [   0.32582] Fake format
d3d      D         d3d_disp.cpp:1202 real_choose_bitmap_format        [   0.32584] Fake format
d3d      D         d3d_disp.cpp:1202 real_choose_bitmap_format        [   0.32586] Fake format
d3d      D         d3d_disp.cpp:1210 real_choose_bitmap_format        [   0.32587] Alpha doesn't match
d3d      D         d3d_disp.cpp:1217 real_choose_bitmap_format        [   0.32589] Adapter format is 23
d3d      D         d3d_disp.cpp:1220 real_choose_bitmap_format        [   0.32592] Found a format
d3d      I         d3d_disp.cpp:2391 d3d_create_bitmap                [   0.32594] Chose bitmap format 9
dtor     D               dtor.c:196  _al_register_destructor          [   0.32611] added dtor for bitmap 00000000027f17e0, func 00007ffee49f1bea
d3d      D          d3d_bmp.cpp:539  _al_d3d_sync_bitmap              [   0.33012] _al_d3d_sync_bitmap (system) ref count == 1
d3d      D          d3d_bmp.cpp:545  _al_d3d_sync_bitmap              [   0.33017] _al_d3d_sync_bitmap (video) ref count == 1
dtor     D               dtor.c:227  _al_unregister_destructor        [   0.33903] removed dtor for bitmap 00000000027f17e0
d3d      D         d3d_disp.cpp:1202 real_choose_bitmap_format        [   0.34214] Fake format
d3d      D         d3d_disp.cpp:1202 real_choose_bitmap_format        [   0.34219] Fake format
d3d      D         d3d_disp.cpp:1202 real_choose_bitmap_format        [   0.34221] Fake format
d3d      D         d3d_disp.cpp:1202 real_choose_bitmap_format        [   0.34223] Fake format
d3d      D         d3d_disp.cpp:1202 real_choose_bitmap_format        [   0.34225] Fake format
d3d      D         d3d_disp.cpp:1202 real_choose_bitmap_format        [   0.34227] Fake format
d3d      D         d3d_disp.cpp:1202 real_choose_bitmap_format        [   0.34228] Fake format
d3d      D         d3d_disp.cpp:1202 real_choose_bitmap_format        [   0.34230] Fake format
d3d      D         d3d_disp.cpp:1202 real_choose_bitmap_format        [   0.34232] Fake format
d3d      D         d3d_disp.cpp:1210 real_choose_bitmap_format        [   0.34234] Alpha doesn't match
d3d      D         d3d_disp.cpp:1217 real_choose_bitmap_format        [   0.34235] Adapter format is 23
d3d      D         d3d_disp.cpp:1220 real_choose_bitmap_format        [   0.34237] Found a format
d3d      I         d3d_disp.cpp:2391 d3d_create_bitmap                [   0.34239] Chose bitmap format 9
dtor     D               dtor.c:196  _al_register_destructor          [   0.34255] added dtor for bitmap 00000000027f17e0, func 00007ffee49f1bea
d3d      D          d3d_bmp.cpp:539  _al_d3d_sync_bitmap              [   0.35305] _al_d3d_sync_bitmap (system) ref count == 1
d3d      D          d3d_bmp.cpp:545  _al_d3d_sync_bitmap              [   0.35311] _al_d3d_sync_bitmap (video) ref count == 1
dtor     D               dtor.c:227  _al_unregister_destructor        [   0.36059] removed dtor for bitmap 00000000027f17e0
d3d      D          d3d_bmp.cpp:539  _al_d3d_sync_bitmap              [   0.36713] _al_d3d_sync_bitmap (system) ref count == 1
d3d      D          d3d_bmp.cpp:545  _al_d3d_sync_bitmap              [   0.36719] _al_d3d_sync_bitmap (video) ref count == 1
d3d      D          d3d_bmp.cpp:539  _al_d3d_sync_bitmap              [   0.37021] _al_d3d_sync_bitmap (system) ref count == 1
d3d      D          d3d_bmp.cpp:545  _al_d3d_sync_bitmap              [   0.37027] _al_d3d_sync_bitmap (video) ref count == 1
d3d      D          d3d_bmp.cpp:539  _al_d3d_sync_bitmap              [   0.37331] _al_d3d_sync_bitmap (system) ref count == 1
d3d      D          d3d_bmp.cpp:545  _al_d3d_sync_bitmap              [   0.37337] _al_d3d_sync_bitmap (video) ref count == 1
d3d      D          d3d_bmp.cpp:539  _al_d3d_sync_bitmap              [   0.37408] _al_d3d_sync_bitmap (system) ref count == 1
d3d      D          d3d_bmp.cpp:545  _al_d3d_sync_bitmap              [   0.37415] _al_d3d_sync_bitmap (video) ref count == 1
d3d      D          d3d_bmp.cpp:539  _al_d3d_sync_bitmap              [   0.37475] _al_d3d_sync_bitmap (system) ref count == 1
d3d      D          d3d_bmp.cpp:545  _al_d3d_sync_bitmap              [   0.37481] _al_d3d_sync_bitmap (video) ref count == 1
d3d      D          d3d_bmp.cpp:539  _al_d3d_sync_bitmap              [   0.37530] _al_d3d_sync_bitmap (system) ref count == 1
d3d      D          d3d_bmp.cpp:545  _al_d3d_sync_bitmap              [   0.37533] _al_d3d_sync_bitmap (video) ref count == 1
